<?xml version="1.0" encoding="UTF-8"?>
<!-- Generated by org.testng.reporters.JUnitReportReporter -->
<testsuite hostname="DESKTOP-T22JFE2" name="com.deere.Helpers.Invoke_WCM" tests="2" failures="0" timestamp="27 Sep 2018 07:27:45 GMT" time="50.354" errors="0">
  <testcase name="moveToAlert" time="20.072" classname="com.deere.Helpers.Invoke_WCM"/>
  <testcase name="invokeUserCredentials" time="30.282" classname="com.deere.Helpers.Invoke_WCM"/>
</testsuite> <!-- com.deere.Helpers.Invoke_WCM -->
